Added Component: Designator=C1(cap_0805)
Add component (AddParameter): Name = "ASSEMBLY"; Value = "ASSEMBLY"; VariantName = "[No Variations]"
Add component (AddParameter): Name = "DESC"; Value = ""; VariantName = "[No Variations]"
Add component (AddParameter): Name = "DIST#"; Value = ""; VariantName = "[No Variations]"
Add component (AddParameter): Name = "MANF"; Value = "-"; VariantName = "[No Variations]"
Add component (AddParameter): Name = "MANF_P#"; Value = "MANF_PART#"; VariantName = "[No Variations]"
Add component (AddParameter): Name = "PARAM"; Value = "-, -%"; VariantName = "[No Variations]"
Add component (AddParameter): Name = "PARAM2"; Value = "-V"; VariantName = "[No Variations]"
Add component (AddParameter): Name = "PRICE"; Value = "100= 1$"; VariantName = "[No Variations]"
Add component (AddParameter): Name = "VALUE"; Value = "0.1uF"; VariantName = "[No Variations]"
Added Component: Designator=C2(cap_0805)
Add component (AddParameter): Name = "ASSEMBLY"; Value = "ASSEMBLY"; VariantName = "[No Variations]"
Add component (AddParameter): Name = "DESC"; Value = ""; VariantName = "[No Variations]"
Add component (AddParameter): Name = "DIST#"; Value = ""; VariantName = "[No Variations]"
Add component (AddParameter): Name = "MANF"; Value = "-"; VariantName = "[No Variations]"
Add component (AddParameter): Name = "MANF_P#"; Value = "MANF_PART#"; VariantName = "[No Variations]"
Add component (AddParameter): Name = "PARAM"; Value = "-, -%"; VariantName = "[No Variations]"
Add component (AddParameter): Name = "PARAM2"; Value = "-V"; VariantName = "[No Variations]"
Add component (AddParameter): Name = "PRICE"; Value = "100= 1$"; VariantName = "[No Variations]"
Add component (AddParameter): Name = "VALUE"; Value = "0.1uF"; VariantName = "[No Variations]"
Added Component: Designator=C3(cap_0805)
Add component (AddParameter): Name = "ASSEMBLY"; Value = "ASSEMBLY"; VariantName = "[No Variations]"
Add component (AddParameter): Name = "DESC"; Value = ""; VariantName = "[No Variations]"
Add component (AddParameter): Name = "DIST#"; Value = ""; VariantName = "[No Variations]"
Add component (AddParameter): Name = "MANF"; Value = "-"; VariantName = "[No Variations]"
Add component (AddParameter): Name = "MANF_P#"; Value = "MANF_PART#"; VariantName = "[No Variations]"
Add component (AddParameter): Name = "PARAM"; Value = "-, -%"; VariantName = "[No Variations]"
Add component (AddParameter): Name = "PARAM2"; Value = "-V"; VariantName = "[No Variations]"
Add component (AddParameter): Name = "PRICE"; Value = "100= 1$"; VariantName = "[No Variations]"
Add component (AddParameter): Name = "VALUE"; Value = "0.1uF"; VariantName = "[No Variations]"
Added Component: Designator=C4(cap_0805)
Add component (AddParameter): Name = "ASSEMBLY"; Value = "ASSEMBLY"; VariantName = "[No Variations]"
Add component (AddParameter): Name = "DESC"; Value = ""; VariantName = "[No Variations]"
Add component (AddParameter): Name = "DIST#"; Value = ""; VariantName = "[No Variations]"
Add component (AddParameter): Name = "MANF"; Value = "-"; VariantName = "[No Variations]"
Add component (AddParameter): Name = "MANF_P#"; Value = "MANF_PART#"; VariantName = "[No Variations]"
Add component (AddParameter): Name = "PARAM"; Value = "-, -%"; VariantName = "[No Variations]"
Add component (AddParameter): Name = "PARAM2"; Value = "-V"; VariantName = "[No Variations]"
Add component (AddParameter): Name = "PRICE"; Value = "100= 1$"; VariantName = "[No Variations]"
Add component (AddParameter): Name = "VALUE"; Value = "0.1uF"; VariantName = "[No Variations]"
Added Component: Designator=IC1(SPS1R5)
Added Component: Designator=IC2(SPS1R5)
Added Component: Designator=IC3(SPS1R5)
Added Component: Designator=IDC1(IDC 2x5)
Add component (AddParameter): Name = "ASSEMBLY"; Value = ""; VariantName = "[No Variations]"
Add component (AddParameter): Name = "DESC"; Value = ""; VariantName = "[No Variations]"
Add component (AddParameter): Name = "MANF"; Value = ""; VariantName = "[No Variations]"
Add component (AddParameter): Name = "MANF_P#"; Value = ""; VariantName = "[No Variations]"
Add component (AddParameter): Name = "PARAM"; Value = ""; VariantName = "[No Variations]"
Add component (AddParameter): Name = "PRICE"; Value = ""; VariantName = "[No Variations]"
Add component (AddParameter): Name = "VALUE"; Value = "IDC_2X10"; VariantName = "[No Variations]"
Added Component: Designator=O1(TLP5754)
Add component (AddParameter): Name = "Availability"; Value = "In Stock"; VariantName = "[No Variations]"
Add component (AddParameter): Name = "Check_prices"; Value = "https://www.snapeda.com/parts/TLP250/Toshiba+Semiconductor+and+Storage/view-part/?ref=eda"; VariantName = "[No Variations]"
Add component (AddParameter): Name = "MF"; Value = "Toshiba Semiconductor"; VariantName = "[No Variations]"
Add component (AddParameter): Name = "MP"; Value = "TLP250"; VariantName = "[No Variations]"
Add component (AddParameter): Name = "Package"; Value = "DIP-8 Toshiba"; VariantName = "[No Variations]"
Add component (AddParameter): Name = "Price"; Value = "None"; VariantName = "[No Variations]"
Add component (AddParameter): Name = "Purchase-URL"; Value = "https://pricing.snapeda.com/search/part/TLP250/?ref=eda"; VariantName = "[No Variations]"
Add component (AddParameter): Name = "SnapEDA_Link"; Value = "https://www.snapeda.com/parts/TLP250/Toshiba+Semiconductor+and+Storage/view-part/?ref=snap"; VariantName = "[No Variations]"
Add component (AddParameter): Name = "Value"; Value = ""; VariantName = "[No Variations]"
Added Component: Designator=O2(TLP5754)
Add component (AddParameter): Name = "Availability"; Value = "In Stock"; VariantName = "[No Variations]"
Add component (AddParameter): Name = "Check_prices"; Value = "https://www.snapeda.com/parts/TLP250/Toshiba+Semiconductor+and+Storage/view-part/?ref=eda"; VariantName = "[No Variations]"
Add component (AddParameter): Name = "MF"; Value = "Toshiba Semiconductor"; VariantName = "[No Variations]"
Add component (AddParameter): Name = "MP"; Value = "TLP250"; VariantName = "[No Variations]"
Add component (AddParameter): Name = "Package"; Value = "DIP-8 Toshiba"; VariantName = "[No Variations]"
Add component (AddParameter): Name = "Price"; Value = "None"; VariantName = "[No Variations]"
Add component (AddParameter): Name = "Purchase-URL"; Value = "https://pricing.snapeda.com/search/part/TLP250/?ref=eda"; VariantName = "[No Variations]"
Add component (AddParameter): Name = "SnapEDA_Link"; Value = "https://www.snapeda.com/parts/TLP250/Toshiba+Semiconductor+and+Storage/view-part/?ref=snap"; VariantName = "[No Variations]"
Add component (AddParameter): Name = "Value"; Value = ""; VariantName = "[No Variations]"
Added Component: Designator=O3(TLP5754)
Add component (AddParameter): Name = "Availability"; Value = "In Stock"; VariantName = "[No Variations]"
Add component (AddParameter): Name = "Check_prices"; Value = "https://www.snapeda.com/parts/TLP250/Toshiba+Semiconductor+and+Storage/view-part/?ref=eda"; VariantName = "[No Variations]"
Add component (AddParameter): Name = "MF"; Value = "Toshiba Semiconductor"; VariantName = "[No Variations]"
Add component (AddParameter): Name = "MP"; Value = "TLP250"; VariantName = "[No Variations]"
Add component (AddParameter): Name = "Package"; Value = "DIP-8 Toshiba"; VariantName = "[No Variations]"
Add component (AddParameter): Name = "Price"; Value = "None"; VariantName = "[No Variations]"
Add component (AddParameter): Name = "Purchase-URL"; Value = "https://pricing.snapeda.com/search/part/TLP250/?ref=eda"; VariantName = "[No Variations]"
Add component (AddParameter): Name = "SnapEDA_Link"; Value = "https://www.snapeda.com/parts/TLP250/Toshiba+Semiconductor+and+Storage/view-part/?ref=snap"; VariantName = "[No Variations]"
Add component (AddParameter): Name = "Value"; Value = ""; VariantName = "[No Variations]"
Added Component: Designator=O4(TLP5754)
Add component (AddParameter): Name = "Availability"; Value = "In Stock"; VariantName = "[No Variations]"
Add component (AddParameter): Name = "Check_prices"; Value = "https://www.snapeda.com/parts/TLP250/Toshiba+Semiconductor+and+Storage/view-part/?ref=eda"; VariantName = "[No Variations]"
Add component (AddParameter): Name = "MF"; Value = "Toshiba Semiconductor"; VariantName = "[No Variations]"
Add component (AddParameter): Name = "MP"; Value = "TLP250"; VariantName = "[No Variations]"
Add component (AddParameter): Name = "Package"; Value = "DIP-8 Toshiba"; VariantName = "[No Variations]"
Add component (AddParameter): Name = "Price"; Value = "None"; VariantName = "[No Variations]"
Add component (AddParameter): Name = "Purchase-URL"; Value = "https://pricing.snapeda.com/search/part/TLP250/?ref=eda"; VariantName = "[No Variations]"
Add component (AddParameter): Name = "SnapEDA_Link"; Value = "https://www.snapeda.com/parts/TLP250/Toshiba+Semiconductor+and+Storage/view-part/?ref=snap"; VariantName = "[No Variations]"
Add component (AddParameter): Name = "Value"; Value = ""; VariantName = "[No Variations]"
Added Component: Designator=P1(tp_red_1p)
Added Component: Designator=P2(Tp_black_1p)
Added Component: Designator=P3(tp_white_1p)
Added Component: Designator=P4(tp_white_1p)
Added Component: Designator=P5(tp_white_1p)
Added Component: Designator=P6(tp_red_1p)
Added Component: Designator=P7(Tp_black_1p)
Added Component: Designator=P8(tp_red_1p)
Added Component: Designator=P9(Tp_black_1p)
Added Component: Designator=P10(tp_red_1p)
Added Component: Designator=P11(Tp_black_1p)
Added Component: Designator=P12(Tp_blue_1p)
Added Component: Designator=P13(Tp_blue_1p)
Added Component: Designator=P14(Tp_blue_1p)
Added Component: Designator=P15(Tp_blue_1p)
Added Component: Designator=R1(R2512)
Add component (AddParameter): Name = "ASSEMBLY"; Value = "ASSEMBLY"; VariantName = "[No Variations]"
Add component (AddParameter): Name = "DESC"; Value = "DESCRIPTION"; VariantName = "[No Variations]"
Add component (AddParameter): Name = "DIST#"; Value = "MOUSER"; VariantName = "[No Variations]"
Add component (AddParameter): Name = "MANF"; Value = "VISHAY"; VariantName = "[No Variations]"
Add component (AddParameter): Name = "MANF_P#"; Value = "WSLP0805R0100FEA"; VariantName = "[No Variations]"
Add component (AddParameter): Name = "PARAM"; Value = "0.5W, -55~155oC"; VariantName = "[No Variations]"
Add component (AddParameter): Name = "PARAM2"; Value = "1%"; VariantName = "[No Variations]"
Add component (AddParameter): Name = "PRICE"; Value = "0.5$"; VariantName = "[No Variations]"
Add component (AddParameter): Name = "VALUE"; Value = "8R2 1W"; VariantName = "[No Variations]"
Added Component: Designator=R2(R0805)
Add component (AddParameter): Name = "ASSEMBLY"; Value = "ASSEMBLY"; VariantName = "[No Variations]"
Add component (AddParameter): Name = "DESC"; Value = "DESCRIPTION"; VariantName = "[No Variations]"
Add component (AddParameter): Name = "DIST#"; Value = "MOUSER"; VariantName = "[No Variations]"
Add component (AddParameter): Name = "MANF"; Value = "VISHAY"; VariantName = "[No Variations]"
Add component (AddParameter): Name = "MANF_P#"; Value = "WSLP0805R0100FEA"; VariantName = "[No Variations]"
Add component (AddParameter): Name = "PARAM"; Value = "0.5W, -55~155oC"; VariantName = "[No Variations]"
Add component (AddParameter): Name = "PARAM2"; Value = "1%"; VariantName = "[No Variations]"
Add component (AddParameter): Name = "PRICE"; Value = "0.5$"; VariantName = "[No Variations]"
Add component (AddParameter): Name = "VALUE"; Value = "150R"; VariantName = "[No Variations]"
Added Component: Designator=R3(R0805)
Add component (AddParameter): Name = "ASSEMBLY"; Value = "ASSEMBLY"; VariantName = "[No Variations]"
Add component (AddParameter): Name = "DESC"; Value = "DESCRIPTION"; VariantName = "[No Variations]"
Add component (AddParameter): Name = "DIST#"; Value = "MOUSER"; VariantName = "[No Variations]"
Add component (AddParameter): Name = "MANF"; Value = "VISHAY"; VariantName = "[No Variations]"
Add component (AddParameter): Name = "MANF_P#"; Value = "WSLP0805R0100FEA"; VariantName = "[No Variations]"
Add component (AddParameter): Name = "PARAM"; Value = "0.5W, -55~155oC"; VariantName = "[No Variations]"
Add component (AddParameter): Name = "PARAM2"; Value = "1%"; VariantName = "[No Variations]"
Add component (AddParameter): Name = "PRICE"; Value = "0.5$"; VariantName = "[No Variations]"
Add component (AddParameter): Name = "VALUE"; Value = "10K"; VariantName = "[No Variations]"
Added Component: Designator=R4(R2512)
Add component (AddParameter): Name = "ASSEMBLY"; Value = "ASSEMBLY"; VariantName = "[No Variations]"
Add component (AddParameter): Name = "DESC"; Value = "DESCRIPTION"; VariantName = "[No Variations]"
Add component (AddParameter): Name = "DIST#"; Value = "MOUSER"; VariantName = "[No Variations]"
Add component (AddParameter): Name = "MANF"; Value = "VISHAY"; VariantName = "[No Variations]"
Add component (AddParameter): Name = "MANF_P#"; Value = "WSLP0805R0100FEA"; VariantName = "[No Variations]"
Add component (AddParameter): Name = "PARAM"; Value = "0.5W, -55~155oC"; VariantName = "[No Variations]"
Add component (AddParameter): Name = "PARAM2"; Value = "1%"; VariantName = "[No Variations]"
Add component (AddParameter): Name = "PRICE"; Value = "0.5$"; VariantName = "[No Variations]"
Add component (AddParameter): Name = "VALUE"; Value = "8R2 1W"; VariantName = "[No Variations]"
Added Component: Designator=R5(R0805)
Add component (AddParameter): Name = "ASSEMBLY"; Value = "ASSEMBLY"; VariantName = "[No Variations]"
Add component (AddParameter): Name = "DESC"; Value = "DESCRIPTION"; VariantName = "[No Variations]"
Add component (AddParameter): Name = "DIST#"; Value = "MOUSER"; VariantName = "[No Variations]"
Add component (AddParameter): Name = "MANF"; Value = "VISHAY"; VariantName = "[No Variations]"
Add component (AddParameter): Name = "MANF_P#"; Value = "WSLP0805R0100FEA"; VariantName = "[No Variations]"
Add component (AddParameter): Name = "PARAM"; Value = "0.5W, -55~155oC"; VariantName = "[No Variations]"
Add component (AddParameter): Name = "PARAM2"; Value = "1%"; VariantName = "[No Variations]"
Add component (AddParameter): Name = "PRICE"; Value = "0.5$"; VariantName = "[No Variations]"
Add component (AddParameter): Name = "VALUE"; Value = "150R"; VariantName = "[No Variations]"
Added Component: Designator=R6(R0805)
Add component (AddParameter): Name = "ASSEMBLY"; Value = "ASSEMBLY"; VariantName = "[No Variations]"
Add component (AddParameter): Name = "DESC"; Value = "DESCRIPTION"; VariantName = "[No Variations]"
Add component (AddParameter): Name = "DIST#"; Value = "MOUSER"; VariantName = "[No Variations]"
Add component (AddParameter): Name = "MANF"; Value = "VISHAY"; VariantName = "[No Variations]"
Add component (AddParameter): Name = "MANF_P#"; Value = "WSLP0805R0100FEA"; VariantName = "[No Variations]"
Add component (AddParameter): Name = "PARAM"; Value = "0.5W, -55~155oC"; VariantName = "[No Variations]"
Add component (AddParameter): Name = "PARAM2"; Value = "1%"; VariantName = "[No Variations]"
Add component (AddParameter): Name = "PRICE"; Value = "0.5$"; VariantName = "[No Variations]"
Add component (AddParameter): Name = "VALUE"; Value = "10K"; VariantName = "[No Variations]"
Added Component: Designator=R7(R2512)
Add component (AddParameter): Name = "ASSEMBLY"; Value = "ASSEMBLY"; VariantName = "[No Variations]"
Add component (AddParameter): Name = "DESC"; Value = "DESCRIPTION"; VariantName = "[No Variations]"
Add component (AddParameter): Name = "DIST#"; Value = "MOUSER"; VariantName = "[No Variations]"
Add component (AddParameter): Name = "MANF"; Value = "VISHAY"; VariantName = "[No Variations]"
Add component (AddParameter): Name = "MANF_P#"; Value = "WSLP0805R0100FEA"; VariantName = "[No Variations]"
Add component (AddParameter): Name = "PARAM"; Value = "0.5W, -55~155oC"; VariantName = "[No Variations]"
Add component (AddParameter): Name = "PARAM2"; Value = "1%"; VariantName = "[No Variations]"
Add component (AddParameter): Name = "PRICE"; Value = "0.5$"; VariantName = "[No Variations]"
Add component (AddParameter): Name = "VALUE"; Value = "8R2 1W"; VariantName = "[No Variations]"
Added Component: Designator=R8(R0805)
Add component (AddParameter): Name = "ASSEMBLY"; Value = "ASSEMBLY"; VariantName = "[No Variations]"
Add component (AddParameter): Name = "DESC"; Value = "DESCRIPTION"; VariantName = "[No Variations]"
Add component (AddParameter): Name = "DIST#"; Value = "MOUSER"; VariantName = "[No Variations]"
Add component (AddParameter): Name = "MANF"; Value = "VISHAY"; VariantName = "[No Variations]"
Add component (AddParameter): Name = "MANF_P#"; Value = "WSLP0805R0100FEA"; VariantName = "[No Variations]"
Add component (AddParameter): Name = "PARAM"; Value = "0.5W, -55~155oC"; VariantName = "[No Variations]"
Add component (AddParameter): Name = "PARAM2"; Value = "1%"; VariantName = "[No Variations]"
Add component (AddParameter): Name = "PRICE"; Value = "0.5$"; VariantName = "[No Variations]"
Add component (AddParameter): Name = "VALUE"; Value = "150R"; VariantName = "[No Variations]"
Added Component: Designator=R9(R0805)
Add component (AddParameter): Name = "ASSEMBLY"; Value = "ASSEMBLY"; VariantName = "[No Variations]"
Add component (AddParameter): Name = "DESC"; Value = "DESCRIPTION"; VariantName = "[No Variations]"
Add component (AddParameter): Name = "DIST#"; Value = "MOUSER"; VariantName = "[No Variations]"
Add component (AddParameter): Name = "MANF"; Value = "VISHAY"; VariantName = "[No Variations]"
Add component (AddParameter): Name = "MANF_P#"; Value = "WSLP0805R0100FEA"; VariantName = "[No Variations]"
Add component (AddParameter): Name = "PARAM"; Value = "0.5W, -55~155oC"; VariantName = "[No Variations]"
Add component (AddParameter): Name = "PARAM2"; Value = "1%"; VariantName = "[No Variations]"
Add component (AddParameter): Name = "PRICE"; Value = "0.5$"; VariantName = "[No Variations]"
Add component (AddParameter): Name = "VALUE"; Value = "10K"; VariantName = "[No Variations]"
Added Component: Designator=R10(R2512)
Add component (AddParameter): Name = "ASSEMBLY"; Value = "ASSEMBLY"; VariantName = "[No Variations]"
Add component (AddParameter): Name = "DESC"; Value = "DESCRIPTION"; VariantName = "[No Variations]"
Add component (AddParameter): Name = "DIST#"; Value = "MOUSER"; VariantName = "[No Variations]"
Add component (AddParameter): Name = "MANF"; Value = "VISHAY"; VariantName = "[No Variations]"
Add component (AddParameter): Name = "MANF_P#"; Value = "WSLP0805R0100FEA"; VariantName = "[No Variations]"
Add component (AddParameter): Name = "PARAM"; Value = "0.5W, -55~155oC"; VariantName = "[No Variations]"
Add component (AddParameter): Name = "PARAM2"; Value = "1%"; VariantName = "[No Variations]"
Add component (AddParameter): Name = "PRICE"; Value = "0.5$"; VariantName = "[No Variations]"
Add component (AddParameter): Name = "VALUE"; Value = "8R2 1W"; VariantName = "[No Variations]"
Added Component: Designator=R11(R0805)
Add component (AddParameter): Name = "ASSEMBLY"; Value = "ASSEMBLY"; VariantName = "[No Variations]"
Add component (AddParameter): Name = "DESC"; Value = "DESCRIPTION"; VariantName = "[No Variations]"
Add component (AddParameter): Name = "DIST#"; Value = "MOUSER"; VariantName = "[No Variations]"
Add component (AddParameter): Name = "MANF"; Value = "VISHAY"; VariantName = "[No Variations]"
Add component (AddParameter): Name = "MANF_P#"; Value = "WSLP0805R0100FEA"; VariantName = "[No Variations]"
Add component (AddParameter): Name = "PARAM"; Value = "0.5W, -55~155oC"; VariantName = "[No Variations]"
Add component (AddParameter): Name = "PARAM2"; Value = "1%"; VariantName = "[No Variations]"
Add component (AddParameter): Name = "PRICE"; Value = "0.5$"; VariantName = "[No Variations]"
Add component (AddParameter): Name = "VALUE"; Value = "150R"; VariantName = "[No Variations]"
Added Component: Designator=R12(R0805)
Add component (AddParameter): Name = "ASSEMBLY"; Value = "ASSEMBLY"; VariantName = "[No Variations]"
Add component (AddParameter): Name = "DESC"; Value = "DESCRIPTION"; VariantName = "[No Variations]"
Add component (AddParameter): Name = "DIST#"; Value = "MOUSER"; VariantName = "[No Variations]"
Add component (AddParameter): Name = "MANF"; Value = "VISHAY"; VariantName = "[No Variations]"
Add component (AddParameter): Name = "MANF_P#"; Value = "WSLP0805R0100FEA"; VariantName = "[No Variations]"
Add component (AddParameter): Name = "PARAM"; Value = "0.5W, -55~155oC"; VariantName = "[No Variations]"
Add component (AddParameter): Name = "PARAM2"; Value = "1%"; VariantName = "[No Variations]"
Add component (AddParameter): Name = "PRICE"; Value = "0.5$"; VariantName = "[No Variations]"
Add component (AddParameter): Name = "VALUE"; Value = "10K"; VariantName = "[No Variations]"
Added Component: Designator=VH1(VH-2)
Add component (AddParameter): Name = "ASSEMBLY"; Value = ""; VariantName = "[No Variations]"
Add component (AddParameter): Name = "DESC"; Value = ""; VariantName = "[No Variations]"
Add component (AddParameter): Name = "DIST#"; Value = ""; VariantName = "[No Variations]"
Add component (AddParameter): Name = "MANF"; Value = ""; VariantName = "[No Variations]"
Add component (AddParameter): Name = "MANF_P#"; Value = ""; VariantName = "[No Variations]"
Add component (AddParameter): Name = "PARAM"; Value = ""; VariantName = "[No Variations]"
Add component (AddParameter): Name = "PARAM2"; Value = ""; VariantName = "[No Variations]"
Add component (AddParameter): Name = "PRICE"; Value = ""; VariantName = "[No Variations]"
Add component (AddParameter): Name = "VALUE"; Value = "HHDR_2"; VariantName = "[No Variations]"
Added Component: Designator=VH2(VH-2)
Add component (AddParameter): Name = "ASSEMBLY"; Value = ""; VariantName = "[No Variations]"
Add component (AddParameter): Name = "DESC"; Value = ""; VariantName = "[No Variations]"
Add component (AddParameter): Name = "DIST#"; Value = ""; VariantName = "[No Variations]"
Add component (AddParameter): Name = "MANF"; Value = ""; VariantName = "[No Variations]"
Add component (AddParameter): Name = "MANF_P#"; Value = ""; VariantName = "[No Variations]"
Add component (AddParameter): Name = "PARAM"; Value = ""; VariantName = "[No Variations]"
Add component (AddParameter): Name = "PARAM2"; Value = ""; VariantName = "[No Variations]"
Add component (AddParameter): Name = "PRICE"; Value = ""; VariantName = "[No Variations]"
Add component (AddParameter): Name = "VALUE"; Value = "HHDR_2"; VariantName = "[No Variations]"
Added Component: Designator=VH3(VH-2)
Add component (AddParameter): Name = "ASSEMBLY"; Value = ""; VariantName = "[No Variations]"
Add component (AddParameter): Name = "DESC"; Value = ""; VariantName = "[No Variations]"
Add component (AddParameter): Name = "DIST#"; Value = ""; VariantName = "[No Variations]"
Add component (AddParameter): Name = "MANF"; Value = ""; VariantName = "[No Variations]"
Add component (AddParameter): Name = "MANF_P#"; Value = ""; VariantName = "[No Variations]"
Add component (AddParameter): Name = "PARAM"; Value = ""; VariantName = "[No Variations]"
Add component (AddParameter): Name = "PARAM2"; Value = ""; VariantName = "[No Variations]"
Add component (AddParameter): Name = "PRICE"; Value = ""; VariantName = "[No Variations]"
Add component (AddParameter): Name = "VALUE"; Value = "HHDR_2"; VariantName = "[No Variations]"
Added Component: Designator=VH4(VH-2)
Add component (AddParameter): Name = "ASSEMBLY"; Value = ""; VariantName = "[No Variations]"
Add component (AddParameter): Name = "DESC"; Value = ""; VariantName = "[No Variations]"
Add component (AddParameter): Name = "DIST#"; Value = ""; VariantName = "[No Variations]"
Add component (AddParameter): Name = "MANF"; Value = ""; VariantName = "[No Variations]"
Add component (AddParameter): Name = "MANF_P#"; Value = ""; VariantName = "[No Variations]"
Add component (AddParameter): Name = "PARAM"; Value = ""; VariantName = "[No Variations]"
Add component (AddParameter): Name = "PARAM2"; Value = ""; VariantName = "[No Variations]"
Add component (AddParameter): Name = "PRICE"; Value = ""; VariantName = "[No Variations]"
Add component (AddParameter): Name = "VALUE"; Value = "HHDR_2"; VariantName = "[No Variations]"
Added Pin To Net: NetName=+5 Pin=IC1-1
Added Pin To Net: NetName=+5 Pin=IC2-1
Added Pin To Net: NetName=+5 Pin=IC3-1
Added Pin To Net: NetName=+5 Pin=IDC1-1
Added Pin To Net: NetName=+5 Pin=IDC1-2
Added Pin To Net: NetName=+5 Pin=P1-1
Added Net: Name=+5
Added Pin To Net: NetName=COM1 Pin=IC1-4
Added Pin To Net: NetName=COM1 Pin=P3-1
Added Net: Name=COM1
Added Pin To Net: NetName=COM2 Pin=IC2-4
Added Pin To Net: NetName=COM2 Pin=P4-1
Added Net: Name=COM2
Added Pin To Net: NetName=COM3 Pin=IC3-4
Added Pin To Net: NetName=COM3 Pin=P5-1
Added Net: Name=COM3
Added Pin To Net: NetName=GND Pin=IC1-2
Added Pin To Net: NetName=GND Pin=IC2-2
Added Pin To Net: NetName=GND Pin=IC3-2
Added Pin To Net: NetName=GND Pin=IDC1-4
Added Pin To Net: NetName=GND Pin=IDC1-6
Added Pin To Net: NetName=GND Pin=IDC1-8
Added Pin To Net: NetName=GND Pin=IDC1-10
Added Pin To Net: NetName=GND Pin=P2-1
Added Pin To Net: NetName=GND Pin=R2-1
Added Pin To Net: NetName=GND Pin=R5-1
Added Pin To Net: NetName=GND Pin=R8-1
Added Pin To Net: NetName=GND Pin=R11-1
Added Net: Name=GND
Added Pin To Net: NetName=NetIDC1_3 Pin=IDC1-3
Added Pin To Net: NetName=NetIDC1_3 Pin=O1-1
Added Net: Name=NetIDC1_3
Added Pin To Net: NetName=NetIDC1_5 Pin=IDC1-5
Added Pin To Net: NetName=NetIDC1_5 Pin=O3-1
Added Net: Name=NetIDC1_5
Added Pin To Net: NetName=NetIDC1_7 Pin=IDC1-7
Added Pin To Net: NetName=NetIDC1_7 Pin=O2-1
Added Net: Name=NetIDC1_7
Added Pin To Net: NetName=NetIDC1_9 Pin=IDC1-9
Added Pin To Net: NetName=NetIDC1_9 Pin=O4-1
Added Net: Name=NetIDC1_9
Added Pin To Net: NetName=NetO1_3 Pin=O1-3
Added Pin To Net: NetName=NetO1_3 Pin=R2-2
Added Net: Name=NetO1_3
Added Pin To Net: NetName=NetO1_5 Pin=O1-5
Added Pin To Net: NetName=NetO1_5 Pin=R1-1
Added Net: Name=NetO1_5
Added Pin To Net: NetName=NetO2_3 Pin=O2-3
Added Pin To Net: NetName=NetO2_3 Pin=R5-2
Added Net: Name=NetO2_3
Added Pin To Net: NetName=NetO2_5 Pin=O2-5
Added Pin To Net: NetName=NetO2_5 Pin=R4-1
Added Net: Name=NetO2_5
Added Pin To Net: NetName=NetO3_3 Pin=O3-3
Added Pin To Net: NetName=NetO3_3 Pin=R8-2
Added Net: Name=NetO3_3
Added Pin To Net: NetName=NetO3_5 Pin=O3-5
Added Pin To Net: NetName=NetO3_5 Pin=R7-1
Added Net: Name=NetO3_5
Added Pin To Net: NetName=NetO4_3 Pin=O4-3
Added Pin To Net: NetName=NetO4_3 Pin=R11-2
Added Net: Name=NetO4_3
Added Pin To Net: NetName=NetO4_5 Pin=O4-5
Added Pin To Net: NetName=NetO4_5 Pin=R10-1
Added Net: Name=NetO4_5
Added Pin To Net: NetName=NetP12_1 Pin=P12-1
Added Pin To Net: NetName=NetP12_1 Pin=R1-2
Added Pin To Net: NetName=NetP12_1 Pin=R3-2
Added Pin To Net: NetName=NetP12_1 Pin=VH1-1
Added Net: Name=NetP12_1
Added Pin To Net: NetName=NetP13_1 Pin=P13-1
Added Pin To Net: NetName=NetP13_1 Pin=R7-2
Added Pin To Net: NetName=NetP13_1 Pin=R9-2
Added Pin To Net: NetName=NetP13_1 Pin=VH2-1
Added Net: Name=NetP13_1
Added Pin To Net: NetName=NetP14_1 Pin=P14-1
Added Pin To Net: NetName=NetP14_1 Pin=R4-2
Added Pin To Net: NetName=NetP14_1 Pin=R6-2
Added Pin To Net: NetName=NetP14_1 Pin=VH3-1
Added Net: Name=NetP14_1
Added Pin To Net: NetName=NetP15_1 Pin=P15-1
Added Pin To Net: NetName=NetP15_1 Pin=R10-2
Added Pin To Net: NetName=NetP15_1 Pin=R12-2
Added Pin To Net: NetName=NetP15_1 Pin=VH4-1
Added Net: Name=NetP15_1
Added Pin To Net: NetName=VDD1 Pin=C1-2
Added Pin To Net: NetName=VDD1 Pin=IC1-5
Added Pin To Net: NetName=VDD1 Pin=O1-6
Added Pin To Net: NetName=VDD1 Pin=P6-1
Added Net: Name=VDD1
Added Pin To Net: NetName=VDD2 Pin=C2-2
Added Pin To Net: NetName=VDD2 Pin=IC2-5
Added Pin To Net: NetName=VDD2 Pin=O2-6
Added Pin To Net: NetName=VDD2 Pin=P8-1
Added Net: Name=VDD2
Added Pin To Net: NetName=VDD3 Pin=C3-2
Added Pin To Net: NetName=VDD3 Pin=C4-2
Added Pin To Net: NetName=VDD3 Pin=IC3-5
Added Pin To Net: NetName=VDD3 Pin=O3-6
Added Pin To Net: NetName=VDD3 Pin=O4-6
Added Pin To Net: NetName=VDD3 Pin=P10-1
Added Net: Name=VDD3
Added Pin To Net: NetName=VSS1 Pin=C1-1
Added Pin To Net: NetName=VSS1 Pin=IC1-3
Added Pin To Net: NetName=VSS1 Pin=O1-4
Added Pin To Net: NetName=VSS1 Pin=P7-1
Added Pin To Net: NetName=VSS1 Pin=R3-1
Added Pin To Net: NetName=VSS1 Pin=VH1-2
Added Net: Name=VSS1
Added Pin To Net: NetName=VSS2 Pin=C2-1
Added Pin To Net: NetName=VSS2 Pin=IC2-3
Added Pin To Net: NetName=VSS2 Pin=O2-4
Added Pin To Net: NetName=VSS2 Pin=P9-1
Added Pin To Net: NetName=VSS2 Pin=R6-1
Added Pin To Net: NetName=VSS2 Pin=VH3-2
Added Net: Name=VSS2
Added Pin To Net: NetName=VSS3 Pin=C3-1
Added Pin To Net: NetName=VSS3 Pin=C4-1
Added Pin To Net: NetName=VSS3 Pin=IC3-3
Added Pin To Net: NetName=VSS3 Pin=O3-4
Added Pin To Net: NetName=VSS3 Pin=O4-4
Added Pin To Net: NetName=VSS3 Pin=P11-1
Added Pin To Net: NetName=VSS3 Pin=R9-1
Added Pin To Net: NetName=VSS3 Pin=R12-1
Added Pin To Net: NetName=VSS3 Pin=VH2-2
Added Pin To Net: NetName=VSS3 Pin=VH4-2
Added Net: Name=VSS3
Added Class: Name=DriverBoard
Added Room: Name=DriverBoard
